<?xml version="1.0" encoding="UTF-8"?>
<!-- Generated by org.testng.reporters.JUnitXMLReporter -->
<testsuite ignored="3" hostname="Nirmala" failures="1" tests="7" name="FriendsModule" time="9.977" errors="0" timestamp="2023-12-06T16:39:36 IST">
  <testcase classname="com.rentv.test.FriendsModule" name="getConnections" time="0.535"/>
  <testcase classname="com.rentv.test.FriendsModule" name="deleteConnection" time="3.317"/>
  <testcase classname="com.rentv.test.FriendsModule" name="addFriends" time="1.515"/>
  <testcase classname="com.rentv.test.FriendsModule" name="receivedRequests" time="0.988"/>
  <testcase classname="com.rentv.test.FriendsModule" name="countOfPendingRequest" time="1.276"/>
  <testcase classname="com.rentv.test.FriendsModule" name="confirmRequest" time="0.612">
    <failure type="java.lang.AssertionError" message="1 expectation failed.
Expected status code &amp;lt;200&amp;gt; but was &amp;lt;400&amp;gt;.
">
      <![CDATA[java.lang.AssertionError: 1 expectation failed.
Expected status code <200> but was <400>.

at org.codehaus.groovy.runtime.callsite.ConstructorSite$ConstructorSiteNoUnwrapNoCoerce.callConstructor(ConstructorSite.java:108)
at org.codehaus.groovy.runtime.callsite.CallSiteArray.defaultCallConstructor(CallSiteArray.java:57)
at org.codehaus.groovy.runtime.callsite.AbstractCallSite.callConstructor(AbstractCallSite.java:263)
at org.codehaus.groovy.runtime.callsite.AbstractCallSite.callConstructor(AbstractCallSite.java:277)
at io.restassured.internal.ResponseSpecificationImpl$HamcrestAssertionClosure.validate(ResponseSpecificationImpl.groovy:512)
at io.restassured.internal.ResponseSpecificationImpl$HamcrestAssertionClosure$validate$1.call(Unknown Source)
at io.restassured.internal.ResponseSpecificationImpl.validateResponseIfRequired(ResponseSpecificationImpl.groovy:696)
at io.restassured.internal.ResponseSpecificationImpl.this$2$validateResponseIfRequired(ResponseSpecificationImpl.groovy)
at org.codehaus.groovy.runtime.callsite.PlainObjectMetaMethodSite.doInvoke(PlainObjectMetaMethodSite.java:43)
at org.codehaus.groovy.runtime.callsite.PogoMetaMethodSite$PogoCachedMethodSiteNoUnwrapNoCoerce.invoke(PogoMetaMethodSite.java:198)
at org.codehaus.groovy.runtime.callsite.PogoMetaMethodSite.callCurrent(PogoMetaMethodSite.java:62)
at org.codehaus.groovy.runtime.callsite.AbstractCallSite.callCurrent(AbstractCallSite.java:185)
at io.restassured.internal.ResponseSpecificationImpl.statusCode(ResponseSpecificationImpl.groovy:135)
at io.restassured.specification.ResponseSpecification$statusCode$0.callCurrent(Unknown Source)
at io.restassured.internal.ResponseSpecificationImpl.statusCode(ResponseSpecificationImpl.groovy:143)
at io.restassured.internal.ValidatableResponseOptionsImpl.statusCode(ValidatableResponseOptionsImpl.java:89)
at com.rentv.test.CommonFunctions.auth_Response(CommonFunctions.java:73)
at com.rentv.test.FriendsModule.confirmRequest(FriendsModule.java:135)
at java.base/java.util.ArrayList.forEach(ArrayList.java:1511)
... Removed 37 stack frames]]>
    </failure>
  </testcase> <!-- confirmRequest -->
  <testcase classname="com.rentv.test.FriendsModule" name="ignoreRequest" time="1.684"/>
  <testcase classname="com.rentv.test.Authentications" name="confirmOtp" time="0.0">
    <ignored/>
  </testcase> <!-- confirmOtp -->
  <testcase classname="com.rentv.test.Authentications" name="login" time="0.0">
    <ignored/>
  </testcase> <!-- login -->
  <testcase classname="com.rentv.test.Authentications" name="configProperties" time="0.0">
    <ignored/>
  </testcase> <!-- configProperties -->
</testsuite> <!-- FriendsModule -->
